2024-05-09 03:30:39 info: =================================
2024-05-09 03:30:39 info: ======= ENV: development =======
2024-05-09 03:30:39 info: 🚀 App listening on the port 8080
2024-05-09 03:30:39 info: =================================
2024-05-09 03:32:08 info: [0mGET / [33m404[0m 3.622 ms - 139[0m
2024-05-09 03:32:50 error: [POST] /users >> StatusCode:: 400, Message:: email must be an email, password must be shorter than or equal to 32 characters,password must be longer than or equal to 9 characters,password should not be empty,password must be a string
2024-05-09 03:32:50 info: [0mPOST /users [33m400[0m 22.043 ms - 202[0m
2024-05-09 03:34:50 error: [POST] /users >> StatusCode:: 400, Message:: password must be longer than or equal to 9 characters
2024-05-09 03:34:50 info: [0mPOST /users [33m400[0m 3.844 ms - 67[0m
2024-05-09 03:35:04 error: [POST] /users >> StatusCode:: 500, Message:: 
Invalid `this.user.findUnique()` invocation in
/home/utkarsh/dev/akash-pay/services/core/src/services/users.service.ts:25:44

  22 }
  23 
  24 public async createUser(userData: CreateUserDto): Promise<User> {
→ 25   const findUser: User = await this.user.findUnique(
error: Error validating datasource `db`: the URL must start with the protocol `mysql://`.
  -->  schema.prisma:6
   | 
 5 |   provider = "mysql"
 6 |   url      = env("DATABASE_URL")
   | 

Validation Error Count: 1
2024-05-09 03:35:04 info: [0mPOST /users [31m500[0m 11.497 ms - 519[0m
2024-05-09 03:36:47 info: =================================
2024-05-09 03:36:47 info: ======= ENV: development =======
2024-05-09 03:36:47 info: 🚀 App listening on the port 8080
2024-05-09 03:36:47 info: =================================
2024-05-09 03:36:52 error: [POST] /users >> StatusCode:: 500, Message:: 
Invalid `this.user.findUnique()` invocation in
/home/utkarsh/dev/akash-pay/services/core/src/services/users.service.ts:25:44

  22 }
  23 
  24 public async createUser(userData: CreateUserDto): Promise<User> {
→ 25   const findUser: User = await this.user.findUnique(
Database `akash_paypostgres:` does not exist on the database server at `dpg-cot8vmq1hbls738n8f2g-a.singapore-postgres.render.com:5432`.
2024-05-09 03:36:52 info: [0mPOST /users [31m500[0m 1101.483 ms - 428[0m
2024-05-09 03:38:24 info: =================================
2024-05-09 03:38:24 info: ======= ENV: development =======
2024-05-09 03:38:24 info: 🚀 App listening on the port 8080
2024-05-09 03:38:24 info: =================================
2024-05-09 03:38:30 error: [POST] /users >> StatusCode:: 500, Message:: 
Invalid `this.user.findUnique()` invocation in
/home/utkarsh/dev/akash-pay/services/core/src/services/users.service.ts:25:44

  22 }
  23 
  24 public async createUser(userData: CreateUserDto): Promise<User> {
→ 25   const findUser: User = await this.user.findUnique(
The table `public.User` does not exist in the current database.
2024-05-09 03:38:30 info: [0mPOST /users [31m500[0m 1058.053 ms - 356[0m
2024-05-09 04:02:39 info: =================================
2024-05-09 04:02:39 info: ======= ENV: production =======
2024-05-09 04:02:39 info: 🚀 App listening on the port 3000
2024-05-09 04:02:39 info: =================================
