2024-05-16 00:09:35 info: =================================
2024-05-16 00:09:35 info: ======= ENV: development =======
2024-05-16 00:09:35 info: 🚀 App listening on the port 8080
2024-05-16 00:09:35 info: =================================
2024-05-16 00:10:10 info: =================================
2024-05-16 00:10:10 info: ======= ENV: development =======
2024-05-16 00:10:10 info: 🚀 App listening on the port 8080
2024-05-16 00:10:10 info: =================================
2024-05-16 00:10:41 info: =================================
2024-05-16 00:10:41 info: ======= ENV: development =======
2024-05-16 00:10:41 info: 🚀 App listening on the port 8080
2024-05-16 00:10:41 info: =================================
2024-05-16 00:13:06 info: =================================
2024-05-16 00:13:06 info: ======= ENV: development =======
2024-05-16 00:13:06 info: 🚀 App listening on the port 8080
2024-05-16 00:13:06 info: =================================
2024-05-16 00:13:30 info: =================================
2024-05-16 00:13:30 info: ======= ENV: development =======
2024-05-16 00:13:30 info: 🚀 App listening on the port 8080
2024-05-16 00:13:30 info: =================================
2024-05-16 00:17:32 info: =================================
2024-05-16 00:17:32 info: ======= ENV: development =======
2024-05-16 00:17:32 info: 🚀 App listening on the port 8080
2024-05-16 00:17:32 info: =================================
2024-05-16 00:19:28 info: =================================
2024-05-16 00:19:28 info: ======= ENV: development =======
2024-05-16 00:19:28 info: 🚀 App listening on the port 8080
2024-05-16 00:19:28 info: =================================
2024-05-16 00:36:24 info: =================================
2024-05-16 00:36:24 info: ======= ENV: development =======
2024-05-16 00:36:24 info: 🚀 App listening on the port 8080
2024-05-16 00:36:24 info: =================================
2024-05-16 00:38:23 info: =================================
2024-05-16 00:38:23 info: ======= ENV: development =======
2024-05-16 00:38:23 info: 🚀 App listening on the port 8080
2024-05-16 00:38:23 info: =================================
2024-05-16 00:38:43 info: =================================
2024-05-16 00:38:43 info: ======= ENV: development =======
2024-05-16 00:38:43 info: 🚀 App listening on the port 8080
2024-05-16 00:38:43 info: =================================
2024-05-16 00:39:10 info: =================================
2024-05-16 00:39:10 info: ======= ENV: development =======
2024-05-16 00:39:10 info: 🚀 App listening on the port 8080
2024-05-16 00:39:10 info: =================================
2024-05-16 00:39:16 info: =================================
2024-05-16 00:39:16 info: ======= ENV: development =======
2024-05-16 00:39:16 info: 🚀 App listening on the port 8080
2024-05-16 00:39:16 info: =================================
2024-05-16 00:41:07 info: =================================
2024-05-16 00:41:07 info: ======= ENV: development =======
2024-05-16 00:41:07 info: 🚀 App listening on the port 8080
2024-05-16 00:41:07 info: =================================
2024-05-16 00:42:11 info: =================================
2024-05-16 00:42:11 info: ======= ENV: development =======
2024-05-16 00:42:11 info: 🚀 App listening on the port 8080
2024-05-16 00:42:11 info: =================================
2024-05-16 00:43:08 info: =================================
2024-05-16 00:43:08 info: ======= ENV: development =======
2024-05-16 00:43:08 info: 🚀 App listening on the port 8080
2024-05-16 00:43:08 info: =================================
2024-05-16 00:43:19 info: =================================
2024-05-16 00:43:19 info: ======= ENV: development =======
2024-05-16 00:43:19 info: 🚀 App listening on the port 8080
2024-05-16 00:43:19 info: =================================
2024-05-16 00:43:51 info: =================================
2024-05-16 00:43:51 info: ======= ENV: development =======
2024-05-16 00:43:51 info: 🚀 App listening on the port 8080
2024-05-16 00:43:51 info: =================================
2024-05-16 00:44:25 info: =================================
2024-05-16 00:44:25 info: ======= ENV: development =======
2024-05-16 00:44:25 info: 🚀 App listening on the port 8080
2024-05-16 00:44:25 info: =================================
2024-05-16 00:44:37 info: =================================
2024-05-16 00:44:37 info: ======= ENV: development =======
2024-05-16 00:44:37 info: 🚀 App listening on the port 8080
2024-05-16 00:44:37 info: =================================
2024-05-16 00:45:01 info: =================================
2024-05-16 00:45:01 info: ======= ENV: development =======
2024-05-16 00:45:01 info: 🚀 App listening on the port 8080
2024-05-16 00:45:01 info: =================================
2024-05-16 00:45:10 info: =================================
2024-05-16 00:45:10 info: ======= ENV: development =======
2024-05-16 00:45:10 info: 🚀 App listening on the port 8080
2024-05-16 00:45:10 info: =================================
2024-05-16 00:45:32 info: =================================
2024-05-16 00:45:32 info: ======= ENV: development =======
2024-05-16 00:45:32 info: 🚀 App listening on the port 8080
2024-05-16 00:45:32 info: =================================
2024-05-16 00:46:19 info: =================================
2024-05-16 00:46:19 info: ======= ENV: development =======
2024-05-16 00:46:19 info: 🚀 App listening on the port 8080
2024-05-16 00:46:19 info: =================================
2024-05-16 00:46:30 info: =================================
2024-05-16 00:46:30 info: ======= ENV: development =======
2024-05-16 00:46:30 info: 🚀 App listening on the port 8080
2024-05-16 00:46:30 info: =================================
2024-05-16 00:51:50 info: =================================
2024-05-16 00:51:50 info: ======= ENV: development =======
2024-05-16 00:51:50 info: 🚀 App listening on the port 8080
2024-05-16 00:51:50 info: =================================
2024-05-16 00:51:52 info: =================================
2024-05-16 00:51:52 info: ======= ENV: development =======
2024-05-16 00:51:52 info: 🚀 App listening on the port 8080
2024-05-16 00:51:52 info: =================================
2024-05-16 00:52:22 info: =================================
2024-05-16 00:52:22 info: ======= ENV: development =======
2024-05-16 00:52:22 info: 🚀 App listening on the port 8080
2024-05-16 00:52:22 info: =================================
2024-05-16 00:52:27 info: =================================
2024-05-16 00:52:27 info: ======= ENV: development =======
2024-05-16 00:52:27 info: 🚀 App listening on the port 8080
2024-05-16 00:52:27 info: =================================
2024-05-16 00:52:54 info: =================================
2024-05-16 00:52:54 info: ======= ENV: development =======
2024-05-16 00:52:54 info: 🚀 App listening on the port 8080
2024-05-16 00:52:54 info: =================================
2024-05-16 00:53:40 info: =================================
2024-05-16 00:53:40 info: ======= ENV: development =======
2024-05-16 00:53:40 info: 🚀 App listening on the port 8080
2024-05-16 00:53:40 info: =================================
2024-05-16 01:03:16 info: [0mPOST /api/auth/otp/send [33m404[0m 20.770 ms - 157[0m
2024-05-16 01:03:45 info: [0mPOST /api/otp/send [32m200[0m 1660.779 ms - 127[0m
2024-05-16 01:08:10 info: =================================
2024-05-16 01:08:10 info: ======= ENV: development =======
2024-05-16 01:08:10 info: 🚀 App listening on the port 8080
2024-05-16 01:08:10 info: =================================
2024-05-16 01:08:24 info: [0mPOST /api/otp/send [32m200[0m 1523.370 ms - 55[0m
2024-05-16 01:11:43 info: =================================
2024-05-16 01:11:43 info: ======= ENV: development =======
2024-05-16 01:11:43 info: 🚀 App listening on the port 8080
2024-05-16 01:11:43 info: =================================
2024-05-16 01:11:51 info: [0mPOST /api/otp/send [32m200[0m 1956.581 ms - 55[0m
2024-05-16 01:12:18 info: =================================
2024-05-16 01:12:18 info: ======= ENV: development =======
2024-05-16 01:12:18 info: 🚀 App listening on the port 8080
2024-05-16 01:12:18 info: =================================
2024-05-16 01:33:20 info: =================================
2024-05-16 01:33:20 info: ======= ENV: development =======
2024-05-16 01:33:20 info: 🚀 App listening on the port 8080
2024-05-16 01:33:20 info: =================================
2024-05-16 01:33:46 info: =================================
2024-05-16 01:33:46 info: ======= ENV: development =======
2024-05-16 01:33:46 info: 🚀 App listening on the port 8080
2024-05-16 01:33:46 info: =================================
2024-05-16 01:33:56 info: [0mPOST /api/otp/send [32m200[0m 1734.512 ms - 55[0m
2024-05-16 01:35:29 info: =================================
2024-05-16 01:35:29 info: ======= ENV: development =======
2024-05-16 01:35:29 info: 🚀 App listening on the port 8080
2024-05-16 01:35:29 info: =================================
2024-05-16 01:35:41 info: [0mPOST /api/otp/send [32m200[0m 1763.834 ms - 55[0m
2024-05-16 01:37:00 info: =================================
2024-05-16 01:37:00 info: ======= ENV: development =======
2024-05-16 01:37:00 info: 🚀 App listening on the port 8080
2024-05-16 01:37:00 info: =================================
2024-05-16 01:37:05 info: [0mPOST /api/otp/send [32m200[0m 1439.636 ms - 55[0m
2024-05-16 01:37:58 info: =================================
2024-05-16 01:37:58 info: ======= ENV: development =======
2024-05-16 01:37:58 info: 🚀 App listening on the port 8080
2024-05-16 01:37:58 info: =================================
2024-05-16 01:38:09 info: =================================
2024-05-16 01:38:09 info: ======= ENV: development =======
2024-05-16 01:38:09 info: 🚀 App listening on the port 8080
2024-05-16 01:38:09 info: =================================
2024-05-16 01:38:14 info: [0mPOST /api/otp/send [32m200[0m 1754.530 ms - 55[0m
2024-05-16 01:40:06 info: =================================
2024-05-16 01:40:06 info: ======= ENV: development =======
2024-05-16 01:40:06 info: 🚀 App listening on the port 8080
2024-05-16 01:40:06 info: =================================
2024-05-16 01:40:15 info: [0mPOST /api/otp/send [32m200[0m 1439.801 ms - 55[0m
2024-05-16 01:45:26 error: [GET] /api/dashboard/applications >> StatusCode:: 404, Message:: Authentication token missing
2024-05-16 01:45:26 info: [0mGET /api/dashboard/applications [33m404[0m 3.385 ms - 42[0m
2024-05-16 01:45:26 error: [GET] /api/dashboard/applications >> StatusCode:: 404, Message:: Authentication token missing
2024-05-16 01:45:26 info: [0mGET /api/dashboard/applications [33m404[0m 1.356 ms - 42[0m
2024-05-16 05:30:57 info: =================================
2024-05-16 05:30:57 info: ======= ENV: development =======
2024-05-16 05:30:57 info: 🚀 App listening on the port 8080
2024-05-16 05:30:57 info: =================================
2024-05-16 05:31:48 info: [0mOPTIONS /api/signup [32m204[0m 1.161 ms - 0[0m
2024-05-16 05:31:51 info: [0mPOST /api/signup [32m201[0m 3118.596 ms - 194[0m
2024-05-16 05:31:51 info: [0mOPTIONS /api/otp/send [32m204[0m 0.234 ms - 0[0m
2024-05-16 05:31:53 error: [POST] /api/signup >> StatusCode:: 409, Message:: This email utkarsh382004@gmail.com already exists
2024-05-16 05:31:53 info: [0mPOST /api/signup [33m409[0m 1427.812 ms - 63[0m
2024-05-16 05:31:57 info: [0mPOST /api/otp/send [32m200[0m 5788.356 ms - 55[0m
2024-05-16 05:35:34 info: =================================
2024-05-16 05:35:34 info: ======= ENV: development =======
2024-05-16 05:35:34 info: 🚀 App listening on the port 8080
2024-05-16 05:35:34 info: =================================
2024-05-16 05:37:42 info: [0mOPTIONS /api/signup [32m204[0m 0.979 ms - 0[0m
2024-05-16 05:37:44 info: [0mPOST /api/signup [32m201[0m 2174.238 ms - 195[0m
2024-05-16 05:37:44 info: [0mOPTIONS /api/otp/send [32m204[0m 0.581 ms - 0[0m
2024-05-16 05:37:49 info: [0mPOST /api/otp/send [32m200[0m 5083.081 ms - 56[0m
2024-05-16 05:38:24 info: [0mOPTIONS /api/otp/verify [32m204[0m 0.475 ms - 0[0m
2024-05-16 05:38:24 info: [0mPOST /api/otp/verify [0m-[0m - ms - -[0m
2024-05-16 05:38:33 info: [0mOPTIONS /api/login [32m204[0m 0.354 ms - 0[0m
2024-05-16 05:38:34 info: [0mPOST /api/login [32m200[0m 246.053 ms - 194[0m
2024-05-16 05:39:31 info: [0mOPTIONS /api/login [32m204[0m 0.130 ms - 0[0m
2024-05-16 05:39:32 info: [0mPOST /api/login [32m200[0m 225.356 ms - 194[0m
2024-05-16 05:40:08 info: [0mOPTIONS /api/login [32m204[0m 0.318 ms - 0[0m
2024-05-16 05:40:08 info: [0mPOST /api/login [32m200[0m 229.286 ms - 194[0m
2024-05-16 05:43:22 info: =================================
2024-05-16 05:43:22 info: ======= ENV: development =======
2024-05-16 05:43:22 info: 🚀 App listening on the port 8080
2024-05-16 05:43:22 info: =================================
2024-05-16 05:43:43 info: [0mOPTIONS /api/signup [32m204[0m 1.101 ms - 0[0m
2024-05-16 05:43:45 info: [0mPOST /api/signup [32m201[0m 2252.339 ms - 195[0m
2024-05-16 05:43:45 info: [0mOPTIONS /api/otp/send [32m204[0m 0.272 ms - 0[0m
2024-05-16 05:43:50 info: [0mPOST /api/otp/send [32m200[0m 5246.012 ms - 56[0m
2024-05-16 05:44:38 info: [0mOPTIONS /api/otp/verify [32m204[0m 0.150 ms - 0[0m
2024-05-16 05:45:07 info: [0mOPTIONS /api/login [32m204[0m 0.408 ms - 0[0m
2024-05-16 05:45:08 info: [0mPOST /api/login [32m200[0m 374.268 ms - 194[0m
2024-05-16 05:59:04 info: =================================
2024-05-16 05:59:04 info: ======= ENV: development =======
2024-05-16 05:59:04 info: 🚀 App listening on the port 8080
2024-05-16 05:59:04 info: =================================
2024-05-16 06:06:17 info: [0mGET /api/user [32m200[0m 1488.953 ms - 167[0m
2024-05-16 06:06:18 info: [0mGET /api/user [32m200[0m 2303.188 ms - 167[0m
2024-05-16 06:06:20 info: [0mGET /api/dashboard/applications [32m200[0m 3416.158 ms - 2[0m
2024-05-16 06:06:21 info: [0mGET /api/dashboard/applications [32m200[0m 4229.417 ms - 2[0m
2024-05-16 06:06:38 info: [0mGET /api/user [36m304[0m 1603.161 ms - -[0m
2024-05-16 06:06:38 info: [0mGET /api/user [32m200[0m 1600.874 ms - 167[0m
2024-05-16 06:06:39 info: [0mGET /api/dashboard/applications [32m200[0m 1524.189 ms - 2[0m
2024-05-16 06:06:39 info: [0mGET /api/dashboard/applications [36m304[0m 1537.224 ms - -[0m
2024-05-16 06:07:23 info: [0mGET /api/user [36m304[0m 1493.516 ms - -[0m
2024-05-16 06:07:24 info: [0mGET /api/user [32m200[0m 2502.238 ms - 167[0m
2024-05-16 06:07:25 info: [0mGET /api/dashboard/applications [32m200[0m 1496.592 ms - 2[0m
2024-05-16 06:07:25 info: [0mGET /api/dashboard/applications [36m304[0m 1595.182 ms - -[0m
2024-05-16 06:07:35 info: [0mGET /api/user [36m304[0m 1350.043 ms - -[0m
2024-05-16 06:07:37 info: [0mGET /api/user [36m304[0m 1431.482 ms - -[0m
2024-05-16 06:07:38 info: [0mGET /api/user [32m200[0m 2235.302 ms - 167[0m
2024-05-16 06:07:38 info: [0mGET /api/dashboard/applications [36m304[0m 1298.066 ms - -[0m
2024-05-16 06:07:38 info: [0mGET /api/dashboard/applications [32m200[0m 1394.510 ms - 2[0m
2024-05-16 06:09:58 info: [0mGET /api/user [32m200[0m 1591.140 ms - 167[0m
2024-05-16 06:10:02 info: [0mGET /api/user [32m200[0m 1332.174 ms - 167[0m
2024-05-16 06:10:02 info: [0mGET /api/user [36m304[0m 1419.302 ms - -[0m
2024-05-16 06:10:03 info: [0mGET /api/dashboard/applications [32m200[0m 1533.411 ms - 2[0m
2024-05-16 06:10:04 info: [0mGET /api/dashboard/applications [36m304[0m 1566.934 ms - -[0m
2024-05-16 06:10:49 info: [0mGET /api/user [32m200[0m 1474.628 ms - 167[0m
2024-05-16 06:10:49 info: [0mGET /api/user [36m304[0m 1630.430 ms - -[0m
2024-05-16 06:10:51 info: [0mGET /api/dashboard/applications [32m200[0m 1559.774 ms - 2[0m
2024-05-16 06:10:52 info: [0mGET /api/dashboard/applications [36m304[0m 2544.023 ms - -[0m
2024-05-16 06:11:12 info: [0mGET /api/user [36m304[0m 1418.943 ms - -[0m
2024-05-16 06:11:12 info: [0mGET /api/user [32m200[0m 1470.876 ms - 167[0m
2024-05-16 06:11:14 info: [0mGET /api/dashboard/applications [32m200[0m 2461.658 ms - 2[0m
2024-05-16 06:11:14 info: [0mGET /api/dashboard/applications [36m304[0m 2490.949 ms - -[0m
2024-05-16 06:15:36 info: [0mGET /api/user [36m304[0m 1546.968 ms - -[0m
2024-05-16 06:15:36 info: [0mGET /api/user [32m200[0m 1630.260 ms - 167[0m
2024-05-16 06:15:37 info: [0mGET /api/dashboard/applications [32m200[0m 1468.095 ms - 2[0m
2024-05-16 06:15:37 info: [0mGET /api/dashboard/applications [36m304[0m 1476.956 ms - -[0m
2024-05-16 06:16:15 info: [0mGET /api/user [36m304[0m 1614.075 ms - -[0m
2024-05-16 06:21:53 info: =================================
2024-05-16 06:21:53 info: ======= ENV: development =======
2024-05-16 06:21:53 info: 🚀 App listening on the port 8080
2024-05-16 06:21:53 info: =================================
2024-05-16 06:29:56 info: [0mGET /api/user [32m200[0m 1819.504 ms - 167[0m
2024-05-16 06:29:57 info: [0mGET /api/user [32m200[0m 2449.513 ms - 167[0m
2024-05-16 06:29:58 info: [0mGET /api/dashboard/applications [32m200[0m 2419.393 ms - 2[0m
2024-05-16 06:29:59 info: [0mGET /api/dashboard/applications [32m200[0m 3249.327 ms - 2[0m
2024-05-16 06:33:36 info: [0mGET /api/user [36m304[0m 1823.850 ms - -[0m
2024-05-16 06:33:45 info: [0mGET /api/user [36m304[0m 1302.664 ms - -[0m
2024-05-16 06:34:02 info: [0mGET /api/user [36m304[0m 2715.174 ms - -[0m
2024-05-16 06:39:07 info: [0mGET /api/user [32m200[0m 2452.275 ms - 167[0m
2024-05-16 06:39:07 info: [0mGET /api/user [36m304[0m 2533.787 ms - -[0m
2024-05-16 06:39:10 info: [0mGET /api/dashboard/applications [36m304[0m 2460.284 ms - -[0m
2024-05-16 06:39:11 info: [0mGET /api/dashboard/applications [32m200[0m 4220.445 ms - 2[0m
2024-05-16 06:40:43 info: [0mGET /api/user [36m304[0m 1723.950 ms - -[0m
2024-05-16 06:42:00 info: [0mGET /api/user [36m304[0m 1436.638 ms - -[0m
2024-05-16 06:42:00 info: [0mGET /api/dashboard/applications [36m304[0m 1627.902 ms - -[0m
2024-05-16 06:45:13 info: [0mOPTIONS /api/logout [32m204[0m 0.335 ms - 0[0m
2024-05-16 06:45:13 error: [POST] /api/logout >> StatusCode:: 404, Message:: Authentication token missing
2024-05-16 06:45:13 info: [0mPOST /api/logout [33m404[0m 10.844 ms - 42[0m
2024-05-16 06:45:37 info: [0mGET /api/user [32m200[0m 1674.121 ms - 167[0m
2024-05-16 06:45:38 info: [0mGET /api/user [32m200[0m 2378.967 ms - 167[0m
2024-05-16 06:45:40 info: [0mGET /api/dashboard/applications [36m304[0m 1443.925 ms - -[0m
2024-05-16 06:45:41 info: [0mGET /api/dashboard/applications [32m200[0m 2448.211 ms - 2[0m
2024-05-16 06:45:43 info: [0mGET /api/user [36m304[0m 1301.118 ms - -[0m
2024-05-16 06:45:44 info: [0mGET /api/user [32m200[0m 2419.387 ms - 167[0m
2024-05-16 06:45:44 info: [0mGET /api/dashboard/applications [36m304[0m 1421.169 ms - -[0m
2024-05-16 06:45:44 info: [0mGET /api/dashboard/applications [32m200[0m 1421.549 ms - 2[0m
2024-05-16 06:46:11 info: [0mGET /api/user [32m200[0m 1551.424 ms - 167[0m
2024-05-16 06:46:11 info: [0mGET /api/user [36m304[0m 1882.689 ms - -[0m
2024-05-16 06:46:12 info: [0mGET /api/dashboard/applications [36m304[0m 1533.369 ms - -[0m
2024-05-16 06:46:12 info: [0mGET /api/dashboard/applications [32m200[0m 1630.290 ms - 2[0m
2024-05-16 06:46:24 info: [0mOPTIONS /api/logout [32m204[0m 0.193 ms - 0[0m
2024-05-16 06:46:27 info: [0mPOST /api/logout [32m200[0m 3042.655 ms - 195[0m
2024-05-16 06:48:19 info: [0mOPTIONS /api/logout [32m204[0m 0.210 ms - 0[0m
2024-05-16 06:48:19 error: [POST] /api/logout >> StatusCode:: 404, Message:: Authentication token missing
2024-05-16 06:48:19 info: [0mPOST /api/logout [33m404[0m 1.540 ms - 42[0m
2024-05-16 06:48:22 error: [GET] /api/user >> StatusCode:: 404, Message:: Authentication token missing
2024-05-16 06:48:22 info: [0mGET /api/user [33m404[0m 1.124 ms - 42[0m
2024-05-16 06:48:22 error: [GET] /api/user >> StatusCode:: 404, Message:: Authentication token missing
2024-05-16 06:48:22 info: [0mGET /api/user [33m404[0m 0.921 ms - 42[0m
2024-05-16 06:55:04 info: =================================
2024-05-16 06:55:04 info: ======= ENV: development =======
2024-05-16 06:55:04 info: 🚀 App listening on the port 8080
2024-05-16 06:55:04 info: =================================
2024-05-16 06:57:34 info: [0mOPTIONS /api/signup [32m204[0m 1.145 ms - 0[0m
2024-05-16 06:57:36 error: [POST] /api/signup >> StatusCode:: 409, Message:: This email utkarsh382004@gmail.com already exists
2024-05-16 06:57:36 info: [0mPOST /api/signup [33m409[0m 1433.914 ms - 63[0m
2024-05-16 08:44:45 info: =================================
2024-05-16 08:44:45 info: ======= ENV: development =======
2024-05-16 08:44:45 info: 🚀 App listening on the port 8080
2024-05-16 08:44:45 info: =================================
2024-05-16 08:47:48 info: [0mOPTIONS /api/signup [32m204[0m 1.206 ms - 0[0m
2024-05-16 08:47:50 info: [0mPOST /api/signup [32m201[0m 2316.260 ms - 193[0m
2024-05-16 08:47:50 info: [0mOPTIONS /api/otp/send [32m204[0m 0.270 ms - 0[0m
2024-05-16 08:47:55 info: [0mPOST /api/otp/send [32m200[0m 4810.721 ms - 54[0m
2024-05-16 08:49:03 error: [GET] /api/user >> StatusCode:: 404, Message:: Authentication token missing
2024-05-16 08:49:03 info: [0mGET /api/user [33m404[0m 2.465 ms - 42[0m
2024-05-16 08:49:03 error: [GET] /api/user >> StatusCode:: 404, Message:: Authentication token missing
2024-05-16 08:49:03 info: [0mGET /api/user [33m404[0m 0.907 ms - 42[0m
2024-05-16 08:49:11 info: [0mOPTIONS /api/signup [32m204[0m 0.153 ms - 0[0m
2024-05-16 08:49:11 error: [POST] /api/signup >> StatusCode:: 409, Message:: This email winner@gmail.com already exists
2024-05-16 08:49:11 info: [0mPOST /api/signup [33m409[0m 180.910 ms - 56[0m
2024-05-16 08:50:05 info: [0mOPTIONS /api/signup [32m204[0m 0.148 ms - 0[0m
2024-05-16 08:50:05 error: [POST] /api/signup >> StatusCode:: 409, Message:: This email winner@gmail.com already exists
2024-05-16 08:50:05 info: [0mPOST /api/signup [33m409[0m 196.609 ms - 56[0m
2024-05-16 08:50:26 info: [0mOPTIONS /api/signup [32m204[0m 0.131 ms - 0[0m
2024-05-16 08:50:26 error: [POST] /api/signup >> StatusCode:: 409, Message:: This email winner@gmail.com already exists
2024-05-16 08:50:26 info: [0mPOST /api/signup [33m409[0m 184.345 ms - 56[0m
2024-05-16 08:51:26 info: [0mOPTIONS /api/signup [32m204[0m 0.271 ms - 0[0m
2024-05-16 08:51:26 error: [POST] /api/signup >> StatusCode:: 409, Message:: This email winner@gmail.com already exists
2024-05-16 08:51:26 info: [0mPOST /api/signup [33m409[0m 179.564 ms - 56[0m
2024-05-16 08:51:27 error: [POST] /api/signup >> StatusCode:: 409, Message:: This email winner@gmail.com already exists
2024-05-16 08:51:27 info: [0mPOST /api/signup [33m409[0m 92.185 ms - 56[0m
2024-05-16 08:51:32 info: [0mOPTIONS /api/signup [32m204[0m 0.141 ms - 0[0m
2024-05-16 08:51:32 error: [POST] /api/signup >> StatusCode:: 409, Message:: This email utkarsh_s@ece.iitr.ac.in already exists
2024-05-16 08:51:32 info: [0mPOST /api/signup [33m409[0m 93.972 ms - 64[0m
2024-05-16 08:52:28 info: [0mOPTIONS /api/signup [32m204[0m 0.148 ms - 0[0m
2024-05-16 08:52:28 error: [POST] /api/signup >> StatusCode:: 409, Message:: This email utkarsh_s@ece.iitr.ac.in already exists
2024-05-16 08:52:28 info: [0mPOST /api/signup [33m409[0m 179.234 ms - 64[0m
2024-05-16 09:00:37 info: =================================
2024-05-16 09:00:37 info: ======= ENV: development =======
2024-05-16 09:00:37 info: 🚀 App listening on the port 8080
2024-05-16 09:00:37 info: =================================
2024-05-16 09:00:56 info: [0mOPTIONS /api/stripe/create-payment-intent [32m204[0m 1.139 ms - 0[0m
2024-05-16 09:00:57 info: [0mPOST /api/stripe/create-payment-intent [32m200[0m 964.390 ms - 79[0m
2024-05-16 09:01:50 info: =================================
2024-05-16 09:01:50 info: ======= ENV: development =======
2024-05-16 09:01:50 info: 🚀 App listening on the port 8080
2024-05-16 09:01:50 info: =================================
2024-05-16 09:02:37 info: [0mOPTIONS /api/stripe/create-payment-intent [32m204[0m 1.224 ms - 0[0m
2024-05-16 09:02:38 info: [0mPOST /api/stripe/create-payment-intent [32m200[0m 856.633 ms - 79[0m
2024-05-16 19:35:17 info: =================================
2024-05-16 19:35:17 info: ======= ENV: development =======
2024-05-16 19:35:17 info: 🚀 App listening on the port 8080
2024-05-16 19:35:17 info: =================================
2024-05-16 19:35:36 info: =================================
2024-05-16 19:35:36 info: ======= ENV: development =======
2024-05-16 19:35:36 info: 🚀 App listening on the port 8080
2024-05-16 19:35:36 info: =================================
2024-05-16 19:35:46 info: =================================
2024-05-16 19:35:46 info: ======= ENV: development =======
2024-05-16 19:35:46 info: 🚀 App listening on the port 8080
2024-05-16 19:35:46 info: =================================
2024-05-16 19:36:05 info: =================================
2024-05-16 19:36:05 info: ======= ENV: development =======
2024-05-16 19:36:05 info: 🚀 App listening on the port 8080
2024-05-16 19:36:05 info: =================================
2024-05-16 19:36:22 info: =================================
2024-05-16 19:36:22 info: ======= ENV: development =======
2024-05-16 19:36:22 info: 🚀 App listening on the port 8080
2024-05-16 19:36:22 info: =================================
2024-05-16 19:39:35 info: =================================
2024-05-16 19:39:35 info: ======= ENV: development =======
2024-05-16 19:39:35 info: 🚀 App listening on the port 8080
2024-05-16 19:39:35 info: =================================
2024-05-16 19:39:57 info: =================================
2024-05-16 19:39:57 info: ======= ENV: development =======
2024-05-16 19:39:57 info: 🚀 App listening on the port 8080
2024-05-16 19:39:57 info: =================================
2024-05-16 19:47:13 info: =================================
2024-05-16 19:47:13 info: ======= ENV: development =======
2024-05-16 19:47:13 info: 🚀 App listening on the port 8080
2024-05-16 19:47:13 info: =================================
2024-05-16 19:47:16 info: =================================
2024-05-16 19:47:16 info: ======= ENV: development =======
2024-05-16 19:47:16 info: 🚀 App listening on the port 8080
2024-05-16 19:47:16 info: =================================
2024-05-16 19:47:45 info: =================================
2024-05-16 19:47:45 info: ======= ENV: development =======
2024-05-16 19:47:45 info: 🚀 App listening on the port 8080
2024-05-16 19:47:45 info: =================================
2024-05-16 19:49:24 info: =================================
2024-05-16 19:49:24 info: ======= ENV: development =======
2024-05-16 19:49:24 info: 🚀 App listening on the port 8080
2024-05-16 19:49:24 info: =================================
2024-05-16 19:50:56 info: =================================
2024-05-16 19:50:56 info: ======= ENV: development =======
2024-05-16 19:50:56 info: 🚀 App listening on the port 8080
2024-05-16 19:50:56 info: =================================
2024-05-16 19:52:16 info: =================================
2024-05-16 19:52:16 info: ======= ENV: development =======
2024-05-16 19:52:16 info: 🚀 App listening on the port 8080
2024-05-16 19:52:16 info: =================================
2024-05-16 20:03:01 info: =================================
2024-05-16 20:03:01 info: ======= ENV: development =======
2024-05-16 20:03:01 info: 🚀 App listening on the port 8080
2024-05-16 20:03:01 info: =================================
2024-05-16 20:03:34 info: =================================
2024-05-16 20:03:34 info: ======= ENV: development =======
2024-05-16 20:03:34 info: 🚀 App listening on the port 8080
2024-05-16 20:03:34 info: =================================
2024-05-16 20:03:53 info: =================================
2024-05-16 20:03:53 info: ======= ENV: development =======
2024-05-16 20:03:53 info: 🚀 App listening on the port 8080
2024-05-16 20:03:53 info: =================================
2024-05-16 20:04:00 info: =================================
2024-05-16 20:04:00 info: ======= ENV: development =======
2024-05-16 20:04:00 info: 🚀 App listening on the port 8080
2024-05-16 20:04:00 info: =================================
2024-05-16 20:04:33 info: =================================
2024-05-16 20:04:33 info: ======= ENV: development =======
2024-05-16 20:04:33 info: 🚀 App listening on the port 8080
2024-05-16 20:04:33 info: =================================
2024-05-16 20:04:46 info: =================================
2024-05-16 20:04:46 info: ======= ENV: development =======
2024-05-16 20:04:46 info: 🚀 App listening on the port 8080
2024-05-16 20:04:46 info: =================================
2024-05-16 20:04:53 info: =================================
2024-05-16 20:04:53 info: ======= ENV: development =======
2024-05-16 20:04:53 info: 🚀 App listening on the port 8080
2024-05-16 20:04:53 info: =================================
2024-05-16 20:05:18 info: =================================
2024-05-16 20:05:18 info: ======= ENV: development =======
2024-05-16 20:05:18 info: 🚀 App listening on the port 8080
2024-05-16 20:05:18 info: =================================
2024-05-16 20:06:00 info: =================================
2024-05-16 20:06:00 info: ======= ENV: development =======
2024-05-16 20:06:00 info: 🚀 App listening on the port 8080
2024-05-16 20:06:00 info: =================================
2024-05-16 20:06:28 info: =================================
2024-05-16 20:06:28 info: ======= ENV: development =======
2024-05-16 20:06:28 info: 🚀 App listening on the port 8080
2024-05-16 20:06:28 info: =================================
2024-05-16 20:06:37 info: =================================
2024-05-16 20:06:37 info: ======= ENV: development =======
2024-05-16 20:06:37 info: 🚀 App listening on the port 8080
2024-05-16 20:06:37 info: =================================
2024-05-16 20:07:20 info: =================================
2024-05-16 20:07:20 info: ======= ENV: development =======
2024-05-16 20:07:20 info: 🚀 App listening on the port 8080
2024-05-16 20:07:20 info: =================================
2024-05-16 20:07:27 info: =================================
2024-05-16 20:07:27 info: ======= ENV: development =======
2024-05-16 20:07:27 info: 🚀 App listening on the port 8080
2024-05-16 20:07:27 info: =================================
2024-05-16 20:07:34 info: =================================
2024-05-16 20:07:34 info: ======= ENV: development =======
2024-05-16 20:07:34 info: 🚀 App listening on the port 8080
2024-05-16 20:07:34 info: =================================
2024-05-16 20:07:42 info: =================================
2024-05-16 20:07:42 info: ======= ENV: development =======
2024-05-16 20:07:42 info: 🚀 App listening on the port 8080
2024-05-16 20:07:42 info: =================================
2024-05-16 20:07:48 info: =================================
2024-05-16 20:07:48 info: ======= ENV: development =======
2024-05-16 20:07:48 info: 🚀 App listening on the port 8080
2024-05-16 20:07:48 info: =================================
2024-05-16 20:08:19 info: =================================
2024-05-16 20:08:19 info: ======= ENV: development =======
2024-05-16 20:08:19 info: 🚀 App listening on the port 8080
2024-05-16 20:08:19 info: =================================
2024-05-16 20:08:29 info: =================================
2024-05-16 20:08:29 info: ======= ENV: development =======
2024-05-16 20:08:29 info: 🚀 App listening on the port 8080
2024-05-16 20:08:29 info: =================================
2024-05-16 20:09:13 info: [0mPOST /api/dashboard/ [33m404[0m 12.639 ms - 154[0m
2024-05-16 20:09:35 info: [0mPOST /api/dashboard [33m404[0m 1.855 ms - 153[0m
2024-05-16 20:09:52 info: [0mGET /api/dashboard [32m200[0m 2685.843 ms - 20[0m
2024-05-16 20:10:09 info: =================================
2024-05-16 20:10:09 info: ======= ENV: development =======
2024-05-16 20:10:09 info: 🚀 App listening on the port 8080
2024-05-16 20:10:09 info: =================================
2024-05-16 20:10:12 info: =================================
2024-05-16 20:10:12 info: ======= ENV: development =======
2024-05-16 20:10:12 info: 🚀 App listening on the port 8080
2024-05-16 20:10:12 info: =================================
2024-05-16 20:13:00 info: =================================
2024-05-16 20:13:00 info: ======= ENV: development =======
2024-05-16 20:13:00 info: 🚀 App listening on the port 8080
2024-05-16 20:13:00 info: =================================
2024-05-16 20:13:11 info: =================================
2024-05-16 20:13:11 info: ======= ENV: development =======
2024-05-16 20:13:11 info: 🚀 App listening on the port 8080
2024-05-16 20:13:11 info: =================================
2024-05-16 20:14:25 info: =================================
2024-05-16 20:14:25 info: ======= ENV: development =======
2024-05-16 20:14:25 info: 🚀 App listening on the port 8080
2024-05-16 20:14:25 info: =================================
2024-05-16 20:14:41 info: =================================
2024-05-16 20:14:41 info: ======= ENV: development =======
2024-05-16 20:14:41 info: 🚀 App listening on the port 8080
2024-05-16 20:14:41 info: =================================
2024-05-16 20:16:57 info: =================================
