2024-05-16 00:17:09 error: uncaughtException: тип Unable to compile TypeScript:
[96msrc/services/auth.service.ts[0m:[93m89[0m:[93m1[0m - [91merror[0m[90m TS1005: [0m'}' expected.

[7m89[0m 
[7m  [0m [91m[0m

TSError: тип Unable to compile TypeScript:
[96msrc/services/auth.service.ts[0m:[93m89[0m:[93m1[0m - [91merror[0m[90m TS1005: [0m'}' expected.

[7m89[0m 
[7m  [0m [91m[0m

    at createTSError (/home/utkarsh/dev/akash-pay/services/core/node_modules/ts-node/src/index.ts:859:12)
    at reportTSError (/home/utkarsh/dev/akash-pay/services/core/node_modules/ts-node/src/index.ts:863:19)
    at /home/utkarsh/dev/akash-pay/services/core/node_modules/ts-node/src/index.ts:1379:34
    at Object.compile (/home/utkarsh/dev/akash-pay/services/core/node_modules/ts-node/src/index.ts:1458:13)
    at Module.m._compile (/home/utkarsh/dev/akash-pay/services/core/node_modules/ts-node/src/index.ts:1617:30)
    at Module._extensions..js (node:internal/modules/cjs/loader:1435:10)
    at Object.require.extensions.<computed> [as .ts] (/home/utkarsh/dev/akash-pay/services/core/node_modules/ts-node/src/index.ts:1621:12)
    at Module.load (node:internal/modules/cjs/loader:1207:32)
    at Function.Module._load (node:internal/modules/cjs/loader:1023:12)
    at Module.require (node:internal/modules/cjs/loader:1235:19)
2024-05-16 00:39:13 error: uncaughtException: тип Unable to compile TypeScript:
[96msrc/services/auth.service.ts[0m:[93m76[0m:[93m7[0m - [91merror[0m[90m TS1435: [0mUnknown keyword or identifier. Did you mean 'return'?

[7m76[0m       reutrn createOtp
[7m  [0m [91m      ~~~~~~[0m

TSError: тип Unable to compile TypeScript:
[96msrc/services/auth.service.ts[0m:[93m76[0m:[93m7[0m - [91merror[0m[90m TS1435: [0mUnknown keyword or identifier. Did you mean 'return'?

[7m76[0m       reutrn createOtp
[7m  [0m [91m      ~~~~~~[0m

    at createTSError (/home/utkarsh/dev/akash-pay/services/core/node_modules/ts-node/src/index.ts:859:12)
    at reportTSError (/home/utkarsh/dev/akash-pay/services/core/node_modules/ts-node/src/index.ts:863:19)
    at /home/utkarsh/dev/akash-pay/services/core/node_modules/ts-node/src/index.ts:1379:34
    at Object.compile (/home/utkarsh/dev/akash-pay/services/core/node_modules/ts-node/src/index.ts:1458:13)
    at Module.m._compile (/home/utkarsh/dev/akash-pay/services/core/node_modules/ts-node/src/index.ts:1617:30)
    at Module._extensions..js (node:internal/modules/cjs/loader:1435:10)
    at Object.require.extensions.<computed> [as .ts] (/home/utkarsh/dev/akash-pay/services/core/node_modules/ts-node/src/index.ts:1621:12)
    at Module.load (node:internal/modules/cjs/loader:1207:32)
    at Function.Module._load (node:internal/modules/cjs/loader:1023:12)
    at Module.require (node:internal/modules/cjs/loader:1235:19)
2024-05-16 00:43:42 error: uncaughtException: тип Unable to compile TypeScript:
[96msrc/controllers/auth.controller.ts[0m:[93m62[0m:[93m3[0m - [91merror[0m[90m TS1472: [0m'catch' or 'finally' expected.

[7m62[0m   }
[7m  [0m [91m  ~[0m

TSError: тип Unable to compile TypeScript:
[96msrc/controllers/auth.controller.ts[0m:[93m62[0m:[93m3[0m - [91merror[0m[90m TS1472: [0m'catch' or 'finally' expected.

[7m62[0m   }
[7m  [0m [91m  ~[0m

    at createTSError (/home/utkarsh/dev/akash-pay/services/core/node_modules/ts-node/src/index.ts:859:12)
    at reportTSError (/home/utkarsh/dev/akash-pay/services/core/node_modules/ts-node/src/index.ts:863:19)
    at /home/utkarsh/dev/akash-pay/services/core/node_modules/ts-node/src/index.ts:1379:34
    at Object.compile (/home/utkarsh/dev/akash-pay/services/core/node_modules/ts-node/src/index.ts:1458:13)
    at Module.m._compile (/home/utkarsh/dev/akash-pay/services/core/node_modules/ts-node/src/index.ts:1617:30)
    at Module._extensions..js (node:internal/modules/cjs/loader:1435:10)
    at Object.require.extensions.<computed> [as .ts] (/home/utkarsh/dev/akash-pay/services/core/node_modules/ts-node/src/index.ts:1621:12)
    at Module.load (node:internal/modules/cjs/loader:1207:32)
    at Function.Module._load (node:internal/modules/cjs/loader:1023:12)
    at Module.require (node:internal/modules/cjs/loader:1235:19)
2024-05-16 00:45:05 error: uncaughtException: тип Unable to compile TypeScript:
[96msrc/services/auth.service.ts[0m:[93m114[0m:[93m14[0m - [91merror[0m[90m TS1109: [0mExpression expected.

[7m114[0m       return throw new HttpException(404, 'Invalid OTP')
[7m   [0m [91m             ~~~~~[0m

TSError: тип Unable to compile TypeScript:
[96msrc/services/auth.service.ts[0m:[93m114[0m:[93m14[0m - [91merror[0m[90m TS1109: [0mExpression expected.

[7m114[0m       return throw new HttpException(404, 'Invalid OTP')
[7m   [0m [91m             ~~~~~[0m

    at createTSError (/home/utkarsh/dev/akash-pay/services/core/node_modules/ts-node/src/index.ts:859:12)
    at reportTSError (/home/utkarsh/dev/akash-pay/services/core/node_modules/ts-node/src/index.ts:863:19)
    at /home/utkarsh/dev/akash-pay/services/core/node_modules/ts-node/src/index.ts:1379:34
    at Object.compile (/home/utkarsh/dev/akash-pay/services/core/node_modules/ts-node/src/index.ts:1458:13)
    at Module.m._compile (/home/utkarsh/dev/akash-pay/services/core/node_modules/ts-node/src/index.ts:1617:30)
    at Module._extensions..js (node:internal/modules/cjs/loader:1435:10)
    at Object.require.extensions.<computed> [as .ts] (/home/utkarsh/dev/akash-pay/services/core/node_modules/ts-node/src/index.ts:1621:12)
    at Module.load (node:internal/modules/cjs/loader:1207:32)
    at Function.Module._load (node:internal/modules/cjs/loader:1023:12)
    at Module.require (node:internal/modules/cjs/loader:1235:19)
2024-05-16 01:03:47 error: uncaughtException: Unable to send email
Error: Unable to send email
    at /home/utkarsh/dev/akash-pay/services/core/src/services/auth.service.ts:104:15
    at /home/utkarsh/dev/akash-pay/services/core/node_modules/nodemailer/lib/mailer/index.js:230:21
    at /home/utkarsh/dev/akash-pay/services/core/node_modules/nodemailer/lib/smtp-transport/index.js:283:36
    at SMTPConnection.login (/home/utkarsh/dev/akash-pay/services/core/node_modules/nodemailer/lib/smtp-connection/index.js:452:24)
    at /home/utkarsh/dev/akash-pay/services/core/node_modules/nodemailer/lib/smtp-transport/index.js:272:32
    at SMTPConnection.<anonymous> (/home/utkarsh/dev/akash-pay/services/core/node_modules/nodemailer/lib/smtp-connection/index.js:215:17)
    at Object.onceWrapper (node:events:628:28)
    at SMTPConnection.emit (node:events:514:28)
    at SMTPConnection.emit (node:domain:488:12)
    at SMTPConnection._actionEHLO (/home/utkarsh/dev/akash-pay/services/core/node_modules/nodemailer/lib/smtp-connection/index.js:1360:14)
2024-05-16 01:08:26 error: uncaughtException: Unable to send email
Error: Unable to send email
    at /home/utkarsh/dev/akash-pay/services/core/src/services/auth.service.ts:104:15
    at /home/utkarsh/dev/akash-pay/services/core/node_modules/nodemailer/lib/mailer/index.js:230:21
    at /home/utkarsh/dev/akash-pay/services/core/node_modules/nodemailer/lib/smtp-transport/index.js:283:36
    at SMTPConnection.login (/home/utkarsh/dev/akash-pay/services/core/node_modules/nodemailer/lib/smtp-connection/index.js:452:24)
    at /home/utkarsh/dev/akash-pay/services/core/node_modules/nodemailer/lib/smtp-transport/index.js:272:32
    at SMTPConnection.<anonymous> (/home/utkarsh/dev/akash-pay/services/core/node_modules/nodemailer/lib/smtp-connection/index.js:215:17)
    at Object.onceWrapper (node:events:628:28)
    at SMTPConnection.emit (node:events:514:28)
    at SMTPConnection.emit (node:domain:488:12)
    at SMTPConnection._actionEHLO (/home/utkarsh/dev/akash-pay/services/core/node_modules/nodemailer/lib/smtp-connection/index.js:1360:14)
2024-05-16 01:11:52 error: uncaughtException: Unable to send email
Error: Unable to send email
    at /home/utkarsh/dev/akash-pay/services/core/src/services/auth.service.ts:105:17
    at /home/utkarsh/dev/akash-pay/services/core/node_modules/nodemailer/lib/mailer/index.js:230:21
    at /home/utkarsh/dev/akash-pay/services/core/node_modules/nodemailer/lib/smtp-transport/index.js:283:36
    at SMTPConnection.login (/home/utkarsh/dev/akash-pay/services/core/node_modules/nodemailer/lib/smtp-connection/index.js:452:24)
    at /home/utkarsh/dev/akash-pay/services/core/node_modules/nodemailer/lib/smtp-transport/index.js:272:32
    at SMTPConnection.<anonymous> (/home/utkarsh/dev/akash-pay/services/core/node_modules/nodemailer/lib/smtp-connection/index.js:215:17)
    at Object.onceWrapper (node:events:628:28)
    at SMTPConnection.emit (node:events:514:28)
    at SMTPConnection.emit (node:domain:488:12)
    at SMTPConnection._actionEHLO (/home/utkarsh/dev/akash-pay/services/core/node_modules/nodemailer/lib/smtp-connection/index.js:1360:14)
2024-05-16 01:33:58 error: uncaughtException: Unable to send email
Error: Unable to send email
    at /home/utkarsh/dev/akash-pay/services/core/src/services/auth.service.ts:105:17
    at /home/utkarsh/dev/akash-pay/services/core/node_modules/nodemailer/lib/mailer/index.js:230:21
    at /home/utkarsh/dev/akash-pay/services/core/node_modules/nodemailer/lib/smtp-transport/index.js:283:36
    at SMTPConnection.login (/home/utkarsh/dev/akash-pay/services/core/node_modules/nodemailer/lib/smtp-connection/index.js:452:24)
    at /home/utkarsh/dev/akash-pay/services/core/node_modules/nodemailer/lib/smtp-transport/index.js:272:32
    at SMTPConnection.<anonymous> (/home/utkarsh/dev/akash-pay/services/core/node_modules/nodemailer/lib/smtp-connection/index.js:215:17)
    at Object.onceWrapper (node:events:628:28)
    at SMTPConnection.emit (node:events:514:28)
    at SMTPConnection.emit (node:domain:488:12)
    at SMTPConnection._actionEHLO (/home/utkarsh/dev/akash-pay/services/core/node_modules/nodemailer/lib/smtp-connection/index.js:1360:14)
2024-05-16 01:35:42 error: uncaughtException: Unable to send email
Error: Unable to send email
    at /home/utkarsh/dev/akash-pay/services/core/src/services/auth.service.ts:104:17
    at /home/utkarsh/dev/akash-pay/services/core/node_modules/nodemailer/lib/mailer/index.js:230:21
    at /home/utkarsh/dev/akash-pay/services/core/node_modules/nodemailer/lib/smtp-transport/index.js:283:36
    at SMTPConnection.login (/home/utkarsh/dev/akash-pay/services/core/node_modules/nodemailer/lib/smtp-connection/index.js:452:24)
    at /home/utkarsh/dev/akash-pay/services/core/node_modules/nodemailer/lib/smtp-transport/index.js:272:32
    at SMTPConnection.<anonymous> (/home/utkarsh/dev/akash-pay/services/core/node_modules/nodemailer/lib/smtp-connection/index.js:215:17)
    at Object.onceWrapper (node:events:628:28)
    at SMTPConnection.emit (node:events:514:28)
    at SMTPConnection.emit (node:domain:488:12)
    at SMTPConnection._actionEHLO (/home/utkarsh/dev/akash-pay/services/core/node_modules/nodemailer/lib/smtp-connection/index.js:1360:14)
2024-05-16 01:37:06 error: uncaughtException: Unable to send email
Error: Unable to send email
    at /home/utkarsh/dev/akash-pay/services/core/src/services/auth.service.ts:105:17
    at /home/utkarsh/dev/akash-pay/services/core/node_modules/nodemailer/lib/mailer/index.js:230:21
    at /home/utkarsh/dev/akash-pay/services/core/node_modules/nodemailer/lib/smtp-transport/index.js:283:36
    at SMTPConnection.login (/home/utkarsh/dev/akash-pay/services/core/node_modules/nodemailer/lib/smtp-connection/index.js:452:24)
    at /home/utkarsh/dev/akash-pay/services/core/node_modules/nodemailer/lib/smtp-transport/index.js:272:32
    at SMTPConnection.<anonymous> (/home/utkarsh/dev/akash-pay/services/core/node_modules/nodemailer/lib/smtp-connection/index.js:215:17)
    at Object.onceWrapper (node:events:628:28)
    at SMTPConnection.emit (node:events:514:28)
    at SMTPConnection.emit (node:domain:488:12)
    at SMTPConnection._actionEHLO (/home/utkarsh/dev/akash-pay/services/core/node_modules/nodemailer/lib/smtp-connection/index.js:1360:14)
2024-05-16 01:38:14 error: uncaughtException: Unable to send email
Error: Unable to send email
    at /home/utkarsh/dev/akash-pay/services/core/src/services/auth.service.ts:105:17
    at /home/utkarsh/dev/akash-pay/services/core/node_modules/nodemailer/lib/mailer/index.js:230:21
    at SMTPConnection.<anonymous> (/home/utkarsh/dev/akash-pay/services/core/node_modules/nodemailer/lib/smtp-transport/index.js:176:24)
    at Object.onceWrapper (node:events:629:26)
    at SMTPConnection.emit (node:events:514:28)
    at SMTPConnection.emit (node:domain:488:12)
    at SMTPConnection._onError (/home/utkarsh/dev/akash-pay/services/core/node_modules/nodemailer/lib/smtp-connection/index.js:788:14)
    at TLSSocket.SMTPConnection._onSocketError (/home/utkarsh/dev/akash-pay/services/core/node_modules/nodemailer/lib/smtp-connection/index.js:196:45)
    at TLSSocket.emit (node:events:514:28)
    at TLSSocket.emit (node:domain:488:12)
2024-05-16 01:45:26 error: [GET] /api/dashboard/applications >> StatusCode:: 404, Message:: Authentication token missing
2024-05-16 01:45:26 error: [GET] /api/dashboard/applications >> StatusCode:: 404, Message:: Authentication token missing
2024-05-16 05:31:53 error: [POST] /api/signup >> StatusCode:: 409, Message:: This email utkarsh382004@gmail.com already exists
2024-05-16 06:45:13 error: [POST] /api/logout >> StatusCode:: 404, Message:: Authentication token missing
2024-05-16 06:48:19 error: [POST] /api/logout >> StatusCode:: 404, Message:: Authentication token missing
2024-05-16 06:48:22 error: [GET] /api/user >> StatusCode:: 404, Message:: Authentication token missing
2024-05-16 06:48:22 error: [GET] /api/user >> StatusCode:: 404, Message:: Authentication token missing
2024-05-16 06:57:36 error: [POST] /api/signup >> StatusCode:: 409, Message:: This email utkarsh382004@gmail.com already exists
2024-05-16 08:47:08 error: uncaughtException: listen EADDRINUSE: address already in use :::8080
Error: listen EADDRINUSE: address already in use :::8080
    at Server.setupListenHandle [as _listen2] (node:net:1872:16)
    at listenInCluster (node:net:1920:12)
    at Server.listen (node:net:2008:7)
    at Function.listen (/home/utkarsh/dev/akash-pay/services/core/node_modules/express/lib/application.js:635:24)
    at App.listen (/home/utkarsh/dev/akash-pay/services/core/src/app.ts:33:14)
    at Object.<anonymous> (/home/utkarsh/dev/akash-pay/services/core/src/server.ts:11:5)
    at Module._compile (node:internal/modules/cjs/loader:1376:14)
    at Module.m._compile (/home/utkarsh/dev/akash-pay/services/core/node_modules/ts-node/src/index.ts:1618:23)
    at Module._extensions..js (node:internal/modules/cjs/loader:1435:10)
    at Object.require.extensions.<computed> [as .ts] (/home/utkarsh/dev/akash-pay/services/core/node_modules/ts-node/src/index.ts:1621:12)
2024-05-16 08:49:03 error: [GET] /api/user >> StatusCode:: 404, Message:: Authentication token missing
2024-05-16 08:49:03 error: [GET] /api/user >> StatusCode:: 404, Message:: Authentication token missing
2024-05-16 08:49:11 error: [POST] /api/signup >> StatusCode:: 409, Message:: This email winner@gmail.com already exists
2024-05-16 08:50:05 error: [POST] /api/signup >> StatusCode:: 409, Message:: This email winner@gmail.com already exists
2024-05-16 08:50:26 error: [POST] /api/signup >> StatusCode:: 409, Message:: This email winner@gmail.com already exists
2024-05-16 08:51:26 error: [POST] /api/signup >> StatusCode:: 409, Message:: This email winner@gmail.com already exists
2024-05-16 08:51:27 error: [POST] /api/signup >> StatusCode:: 409, Message:: This email winner@gmail.com already exists
2024-05-16 08:51:32 error: [POST] /api/signup >> StatusCode:: 409, Message:: This email utkarsh_s@ece.iitr.ac.in already exists
2024-05-16 08:51:46 error: uncaughtException: listen EADDRINUSE: address already in use :::8080
Error: listen EADDRINUSE: address already in use :::8080
    at Server.setupListenHandle [as _listen2] (node:net:1872:16)
    at listenInCluster (node:net:1920:12)
    at Server.listen (node:net:2008:7)
    at Function.listen (/home/utkarsh/dev/akash-pay/services/core/node_modules/express/lib/application.js:635:24)
    at App.listen (/home/utkarsh/dev/akash-pay/services/core/src/app.ts:33:14)
    at Object.<anonymous> (/home/utkarsh/dev/akash-pay/services/core/src/server.ts:11:5)
    at Module._compile (node:internal/modules/cjs/loader:1376:14)
    at Module.m._compile (/home/utkarsh/dev/akash-pay/services/core/node_modules/ts-node/src/index.ts:1618:23)
    at Module._extensions..js (node:internal/modules/cjs/loader:1435:10)
    at Object.require.extensions.<computed> [as .ts] (/home/utkarsh/dev/akash-pay/services/core/node_modules/ts-node/src/index.ts:1621:12)
2024-05-16 08:52:23 error: uncaughtException: listen EADDRINUSE: address already in use :::8080
Error: listen EADDRINUSE: address already in use :::8080
    at Server.setupListenHandle [as _listen2] (node:net:1872:16)
    at listenInCluster (node:net:1920:12)
    at Server.listen (node:net:2008:7)
    at Function.listen (/home/utkarsh/dev/akash-pay/services/core/node_modules/express/lib/application.js:635:24)
    at App.listen (/home/utkarsh/dev/akash-pay/services/core/src/app.ts:33:14)
    at Object.<anonymous> (/home/utkarsh/dev/akash-pay/services/core/src/server.ts:11:5)
    at Module._compile (node:internal/modules/cjs/loader:1376:14)
    at Module.m._compile (/home/utkarsh/dev/akash-pay/services/core/node_modules/ts-node/src/index.ts:1618:23)
    at Module._extensions..js (node:internal/modules/cjs/loader:1435:10)
    at Object.require.extensions.<computed> [as .ts] (/home/utkarsh/dev/akash-pay/services/core/node_modules/ts-node/src/index.ts:1621:12)
2024-05-16 08:52:28 error: [POST] /api/signup >> StatusCode:: 409, Message:: This email utkarsh_s@ece.iitr.ac.in already exists
2024-05-16 09:01:50 error: uncaughtException: listen EADDRINUSE: address already in use :::8080
Error: listen EADDRINUSE: address already in use :::8080
    at Server.setupListenHandle [as _listen2] (node:net:1872:16)
    at listenInCluster (node:net:1920:12)
    at Server.listen (node:net:2008:7)
    at Function.listen (/home/utkarsh/dev/akash-pay/services/core/node_modules/express/lib/application.js:635:24)
    at App.listen (/home/utkarsh/dev/akash-pay/services/core/src/app.ts:33:14)
    at Object.<anonymous> (/home/utkarsh/dev/akash-pay/services/core/src/server.ts:11:5)
    at Module._compile (node:internal/modules/cjs/loader:1376:14)
    at Module.m._compile (/home/utkarsh/dev/akash-pay/services/core/node_modules/ts-node/src/index.ts:1618:23)
    at Module._extensions..js (node:internal/modules/cjs/loader:1435:10)
    at Object.require.extensions.<computed> [as .ts] (/home/utkarsh/dev/akash-pay/services/core/node_modules/ts-node/src/index.ts:1621:12)
2024-05-16 19:35:17 error: uncaughtException: listen EADDRINUSE: address already in use :::8080
Error: listen EADDRINUSE: address already in use :::8080
    at Server.setupListenHandle [as _listen2] (node:net:1872:16)
    at listenInCluster (node:net:1920:12)
    at Server.listen (node:net:2008:7)
    at Function.listen (/home/utkarsh/dev/akash-pay/services/core/node_modules/express/lib/application.js:635:24)
    at App.listen (/home/utkarsh/dev/akash-pay/services/core/src/app.ts:33:14)
    at Object.<anonymous> (/home/utkarsh/dev/akash-pay/services/core/src/server.ts:11:5)
    at Module._compile (node:internal/modules/cjs/loader:1376:14)
    at Module.m._compile (/home/utkarsh/dev/akash-pay/services/core/node_modules/ts-node/src/index.ts:1618:23)
    at Module._extensions..js (node:internal/modules/cjs/loader:1435:10)
    at Object.require.extensions.<computed> [as .ts] (/home/utkarsh/dev/akash-pay/services/core/node_modules/ts-node/src/index.ts:1621:12)
2024-05-16 19:35:36 error: uncaughtException: listen EADDRINUSE: address already in use :::8080
Error: listen EADDRINUSE: address already in use :::8080
    at Server.setupListenHandle [as _listen2] (node:net:1872:16)
    at listenInCluster (node:net:1920:12)
    at Server.listen (node:net:2008:7)
    at Function.listen (/home/utkarsh/dev/akash-pay/services/core/node_modules/express/lib/application.js:635:24)
    at App.listen (/home/utkarsh/dev/akash-pay/services/core/src/app.ts:33:14)
    at Object.<anonymous> (/home/utkarsh/dev/akash-pay/services/core/src/server.ts:11:5)
    at Module._compile (node:internal/modules/cjs/loader:1376:14)
    at Module.m._compile (/home/utkarsh/dev/akash-pay/services/core/node_modules/ts-node/src/index.ts:1618:23)
    at Module._extensions..js (node:internal/modules/cjs/loader:1435:10)
    at Object.require.extensions.<computed> [as .ts] (/home/utkarsh/dev/akash-pay/services/core/node_modules/ts-node/src/index.ts:1621:12)
2024-05-16 19:35:47 error: uncaughtException: listen EADDRINUSE: address already in use :::8080
Error: listen EADDRINUSE: address already in use :::8080
    at Server.setupListenHandle [as _listen2] (node:net:1872:16)
    at listenInCluster (node:net:1920:12)
    at Server.listen (node:net:2008:7)
    at Function.listen (/home/utkarsh/dev/akash-pay/services/core/node_modules/express/lib/application.js:635:24)
    at App.listen (/home/utkarsh/dev/akash-pay/services/core/src/app.ts:33:14)
    at Object.<anonymous> (/home/utkarsh/dev/akash-pay/services/core/src/server.ts:11:5)
    at Module._compile (node:internal/modules/cjs/loader:1376:14)
    at Module.m._compile (/home/utkarsh/dev/akash-pay/services/core/node_modules/ts-node/src/index.ts:1618:23)
    at Module._extensions..js (node:internal/modules/cjs/loader:1435:10)
    at Object.require.extensions.<computed> [as .ts] (/home/utkarsh/dev/akash-pay/services/core/node_modules/ts-node/src/index.ts:1621:12)
2024-05-16 19:36:06 error: uncaughtException: listen EADDRINUSE: address already in use :::8080
Error: listen EADDRINUSE: address already in use :::8080
    at Server.setupListenHandle [as _listen2] (node:net:1872:16)
    at listenInCluster (node:net:1920:12)
    at Server.listen (node:net:2008:7)
    at Function.listen (/home/utkarsh/dev/akash-pay/services/core/node_modules/express/lib/application.js:635:24)
    at App.listen (/home/utkarsh/dev/akash-pay/services/core/src/app.ts:33:14)
    at Object.<anonymous> (/home/utkarsh/dev/akash-pay/services/core/src/server.ts:11:5)
    at Module._compile (node:internal/modules/cjs/loader:1376:14)
    at Module.m._compile (/home/utkarsh/dev/akash-pay/services/core/node_modules/ts-node/src/index.ts:1618:23)
    at Module._extensions..js (node:internal/modules/cjs/loader:1435:10)
    at Object.require.extensions.<computed> [as .ts] (/home/utkarsh/dev/akash-pay/services/core/node_modules/ts-node/src/index.ts:1621:12)
2024-05-16 19:36:22 error: uncaughtException: listen EADDRINUSE: address already in use :::8080
Error: listen EADDRINUSE: address already in use :::8080
    at Server.setupListenHandle [as _listen2] (node:net:1872:16)
    at listenInCluster (node:net:1920:12)
    at Server.listen (node:net:2008:7)
    at Function.listen (/home/utkarsh/dev/akash-pay/services/core/node_modules/express/lib/application.js:635:24)
    at App.listen (/home/utkarsh/dev/akash-pay/services/core/src/app.ts:33:14)
    at Object.<anonymous> (/home/utkarsh/dev/akash-pay/services/core/src/server.ts:11:5)
    at Module._compile (node:internal/modules/cjs/loader:1376:14)
    at Module.m._compile (/home/utkarsh/dev/akash-pay/services/core/node_modules/ts-node/src/index.ts:1618:23)
    at Module._extensions..js (node:internal/modules/cjs/loader:1435:10)
    at Object.require.extensions.<computed> [as .ts] (/home/utkarsh/dev/akash-pay/services/core/node_modules/ts-node/src/index.ts:1621:12)
2024-05-16 19:39:35 error: uncaughtException: listen EADDRINUSE: address already in use :::8080
Error: listen EADDRINUSE: address already in use :::8080
    at Server.setupListenHandle [as _listen2] (node:net:1872:16)
    at listenInCluster (node:net:1920:12)
    at Server.listen (node:net:2008:7)
    at Function.listen (/home/utkarsh/dev/akash-pay/services/core/node_modules/express/lib/application.js:635:24)
    at App.listen (/home/utkarsh/dev/akash-pay/services/core/src/app.ts:33:14)
    at Object.<anonymous> (/home/utkarsh/dev/akash-pay/services/core/src/server.ts:11:5)
    at Module._compile (node:internal/modules/cjs/loader:1376:14)
    at Module.m._compile (/home/utkarsh/dev/akash-pay/services/core/node_modules/ts-node/src/index.ts:1618:23)
    at Module._extensions..js (node:internal/modules/cjs/loader:1435:10)
    at Object.require.extensions.<computed> [as .ts] (/home/utkarsh/dev/akash-pay/services/core/node_modules/ts-node/src/index.ts:1621:12)
2024-05-16 19:39:57 error: uncaughtException: listen EADDRINUSE: address already in use :::8080
Error: listen EADDRINUSE: address already in use :::8080
    at Server.setupListenHandle [as _listen2] (node:net:1872:16)
    at listenInCluster (node:net:1920:12)
    at Server.listen (node:net:2008:7)
    at Function.listen (/home/utkarsh/dev/akash-pay/services/core/node_modules/express/lib/application.js:635:24)
    at App.listen (/home/utkarsh/dev/akash-pay/services/core/src/app.ts:33:14)
    at Object.<anonymous> (/home/utkarsh/dev/akash-pay/services/core/src/server.ts:11:5)
    at Module._compile (node:internal/modules/cjs/loader:1376:14)
    at Module.m._compile (/home/utkarsh/dev/akash-pay/services/core/node_modules/ts-node/src/index.ts:1618:23)
    at Module._extensions..js (node:internal/modules/cjs/loader:1435:10)
    at Object.require.extensions.<computed> [as .ts] (/home/utkarsh/dev/akash-pay/services/core/node_modules/ts-node/src/index.ts:1621:12)
2024-05-16 19:47:13 error: uncaughtException: listen EADDRINUSE: address already in use :::8080
Error: listen EADDRINUSE: address already in use :::8080
    at Server.setupListenHandle [as _listen2] (node:net:1872:16)
    at listenInCluster (node:net:1920:12)
    at Server.listen (node:net:2008:7)
    at Function.listen (/home/utkarsh/dev/akash-pay/services/core/node_modules/express/lib/application.js:635:24)
    at App.listen (/home/utkarsh/dev/akash-pay/services/core/src/app.ts:33:14)
    at Object.<anonymous> (/home/utkarsh/dev/akash-pay/services/core/src/server.ts:11:5)
    at Module._compile (node:internal/modules/cjs/loader:1376:14)
    at Module.m._compile (/home/utkarsh/dev/akash-pay/services/core/node_modules/ts-node/src/index.ts:1618:23)
    at Module._extensions..js (node:internal/modules/cjs/loader:1435:10)
    at Object.require.extensions.<computed> [as .ts] (/home/utkarsh/dev/akash-pay/services/core/node_modules/ts-node/src/index.ts:1621:12)
2024-05-16 19:47:16 error: uncaughtException: listen EADDRINUSE: address already in use :::8080
Error: listen EADDRINUSE: address already in use :::8080
    at Server.setupListenHandle [as _listen2] (node:net:1872:16)
    at listenInCluster (node:net:1920:12)
    at Server.listen (node:net:2008:7)
    at Function.listen (/home/utkarsh/dev/akash-pay/services/core/node_modules/express/lib/application.js:635:24)
    at App.listen (/home/utkarsh/dev/akash-pay/services/core/src/app.ts:33:14)
    at Object.<anonymous> (/home/utkarsh/dev/akash-pay/services/core/src/server.ts:11:5)
    at Module._compile (node:internal/modules/cjs/loader:1376:14)
    at Module.m._compile (/home/utkarsh/dev/akash-pay/services/core/node_modules/ts-node/src/index.ts:1618:23)
    at Module._extensions..js (node:internal/modules/cjs/loader:1435:10)
    at Object.require.extensions.<computed> [as .ts] (/home/utkarsh/dev/akash-pay/services/core/node_modules/ts-node/src/index.ts:1621:12)
2024-05-16 19:47:45 error: uncaughtException: listen EADDRINUSE: address already in use :::8080
Error: listen EADDRINUSE: address already in use :::8080
    at Server.setupListenHandle [as _listen2] (node:net:1872:16)
    at listenInCluster (node:net:1920:12)
    at Server.listen (node:net:2008:7)
    at Function.listen (/home/utkarsh/dev/akash-pay/services/core/node_modules/express/lib/application.js:635:24)
    at App.listen (/home/utkarsh/dev/akash-pay/services/core/src/app.ts:33:14)
    at Object.<anonymous> (/home/utkarsh/dev/akash-pay/services/core/src/server.ts:11:5)
    at Module._compile (node:internal/modules/cjs/loader:1376:14)
    at Module.m._compile (/home/utkarsh/dev/akash-pay/services/core/node_modules/ts-node/src/index.ts:1618:23)
    at Module._extensions..js (node:internal/modules/cjs/loader:1435:10)
    at Object.require.extensions.<computed> [as .ts] (/home/utkarsh/dev/akash-pay/services/core/node_modules/ts-node/src/index.ts:1621:12)
2024-05-16 19:49:25 error: uncaughtException: listen EADDRINUSE: address already in use :::8080
Error: listen EADDRINUSE: address already in use :::8080
    at Server.setupListenHandle [as _listen2] (node:net:1872:16)
    at listenInCluster (node:net:1920:12)
    at Server.listen (node:net:2008:7)
    at Function.listen (/home/utkarsh/dev/akash-pay/services/core/node_modules/express/lib/application.js:635:24)
    at App.listen (/home/utkarsh/dev/akash-pay/services/core/src/app.ts:33:14)
    at Object.<anonymous> (/home/utkarsh/dev/akash-pay/services/core/src/server.ts:11:5)
    at Module._compile (node:internal/modules/cjs/loader:1376:14)
    at Module.m._compile (/home/utkarsh/dev/akash-pay/services/core/node_modules/ts-node/src/index.ts:1618:23)
    at Module._extensions..js (node:internal/modules/cjs/loader:1435:10)
    at Object.require.extensions.<computed> [as .ts] (/home/utkarsh/dev/akash-pay/services/core/node_modules/ts-node/src/index.ts:1621:12)
2024-05-16 19:50:56 error: uncaughtException: listen EADDRINUSE: address already in use :::8080
Error: listen EADDRINUSE: address already in use :::8080
    at Server.setupListenHandle [as _listen2] (node:net:1872:16)
    at listenInCluster (node:net:1920:12)
    at Server.listen (node:net:2008:7)
    at Function.listen (/home/utkarsh/dev/akash-pay/services/core/node_modules/express/lib/application.js:635:24)
    at App.listen (/home/utkarsh/dev/akash-pay/services/core/src/app.ts:33:14)
    at Object.<anonymous> (/home/utkarsh/dev/akash-pay/services/core/src/server.ts:11:5)
    at Module._compile (node:internal/modules/cjs/loader:1376:14)
    at Module.m._compile (/home/utkarsh/dev/akash-pay/services/core/node_modules/ts-node/src/index.ts:1618:23)
    at Module._extensions..js (node:internal/modules/cjs/loader:1435:10)
    at Object.require.extensions.<computed> [as .ts] (/home/utkarsh/dev/akash-pay/services/core/node_modules/ts-node/src/index.ts:1621:12)
2024-05-16 19:52:16 error: uncaughtException: listen EADDRINUSE: address already in use :::8080
Error: listen EADDRINUSE: address already in use :::8080
    at Server.setupListenHandle [as _listen2] (node:net:1872:16)
    at listenInCluster (node:net:1920:12)
    at Server.listen (node:net:2008:7)
    at Function.listen (/home/utkarsh/dev/akash-pay/services/core/node_modules/express/lib/application.js:635:24)
    at App.listen (/home/utkarsh/dev/akash-pay/services/core/src/app.ts:33:14)
    at Object.<anonymous> (/home/utkarsh/dev/akash-pay/services/core/src/server.ts:11:5)
    at Module._compile (node:internal/modules/cjs/loader:1376:14)
    at Module.m._compile (/home/utkarsh/dev/akash-pay/services/core/node_modules/ts-node/src/index.ts:1618:23)
    at Module._extensions..js (node:internal/modules/cjs/loader:1435:10)
    at Object.require.extensions.<computed> [as .ts] (/home/utkarsh/dev/akash-pay/services/core/node_modules/ts-node/src/index.ts:1621:12)
2024-05-16 20:03:01 error: uncaughtException: listen EADDRINUSE: address already in use :::8080
Error: listen EADDRINUSE: address already in use :::8080
    at Server.setupListenHandle [as _listen2] (node:net:1872:16)
    at listenInCluster (node:net:1920:12)
    at Server.listen (node:net:2008:7)
    at Function.listen (/home/utkarsh/dev/akash-pay/services/core/node_modules/express/lib/application.js:635:24)
    at App.listen (/home/utkarsh/dev/akash-pay/services/core/src/app.ts:33:14)
    at Object.<anonymous> (/home/utkarsh/dev/akash-pay/services/core/src/server.ts:11:5)
    at Module._compile (node:internal/modules/cjs/loader:1376:14)
    at Module.m._compile (/home/utkarsh/dev/akash-pay/services/core/node_modules/ts-node/src/index.ts:1618:23)
    at Module._extensions..js (node:internal/modules/cjs/loader:1435:10)
    at Object.require.extensions.<computed> [as .ts] (/home/utkarsh/dev/akash-pay/services/core/node_modules/ts-node/src/index.ts:1621:12)
2024-05-16 20:03:34 error: uncaughtException: listen EADDRINUSE: address already in use :::8080
Error: listen EADDRINUSE: address already in use :::8080
    at Server.setupListenHandle [as _listen2] (node:net:1872:16)
    at listenInCluster (node:net:1920:12)
    at Server.listen (node:net:2008:7)
    at Function.listen (/home/utkarsh/dev/akash-pay/services/core/node_modules/express/lib/application.js:635:24)
    at App.listen (/home/utkarsh/dev/akash-pay/services/core/src/app.ts:33:14)
    at Object.<anonymous> (/home/utkarsh/dev/akash-pay/services/core/src/server.ts:11:5)
    at Module._compile (node:internal/modules/cjs/loader:1376:14)
    at Module.m._compile (/home/utkarsh/dev/akash-pay/services/core/node_modules/ts-node/src/index.ts:1618:23)
    at Module._extensions..js (node:internal/modules/cjs/loader:1435:10)
    at Object.require.extensions.<computed> [as .ts] (/home/utkarsh/dev/akash-pay/services/core/node_modules/ts-node/src/index.ts:1621:12)
2024-05-16 20:03:53 error: uncaughtException: listen EADDRINUSE: address already in use :::8080
Error: listen EADDRINUSE: address already in use :::8080
    at Server.setupListenHandle [as _listen2] (node:net:1872:16)
    at listenInCluster (node:net:1920:12)
    at Server.listen (node:net:2008:7)
    at Function.listen (/home/utkarsh/dev/akash-pay/services/core/node_modules/express/lib/application.js:635:24)
    at App.listen (/home/utkarsh/dev/akash-pay/services/core/src/app.ts:33:14)
    at Object.<anonymous> (/home/utkarsh/dev/akash-pay/services/core/src/server.ts:11:5)
    at Module._compile (node:internal/modules/cjs/loader:1376:14)
    at Module.m._compile (/home/utkarsh/dev/akash-pay/services/core/node_modules/ts-node/src/index.ts:1618:23)
    at Module._extensions..js (node:internal/modules/cjs/loader:1435:10)
    at Object.require.extensions.<computed> [as .ts] (/home/utkarsh/dev/akash-pay/services/core/node_modules/ts-node/src/index.ts:1621:12)
2024-05-16 20:04:00 error: uncaughtException: listen EADDRINUSE: address already in use :::8080
Error: listen EADDRINUSE: address already in use :::8080
    at Server.setupListenHandle [as _listen2] (node:net:1872:16)
    at listenInCluster (node:net:1920:12)
    at Server.listen (node:net:2008:7)
    at Function.listen (/home/utkarsh/dev/akash-pay/services/core/node_modules/express/lib/application.js:635:24)
    at App.listen (/home/utkarsh/dev/akash-pay/services/core/src/app.ts:33:14)
    at Object.<anonymous> (/home/utkarsh/dev/akash-pay/services/core/src/server.ts:11:5)
    at Module._compile (node:internal/modules/cjs/loader:1376:14)
    at Module.m._compile (/home/utkarsh/dev/akash-pay/services/core/node_modules/ts-node/src/index.ts:1618:23)
    at Module._extensions..js (node:internal/modules/cjs/loader:1435:10)
    at Object.require.extensions.<computed> [as .ts] (/home/utkarsh/dev/akash-pay/services/core/node_modules/ts-node/src/index.ts:1621:12)
2024-05-16 20:04:33 error: uncaughtException: listen EADDRINUSE: address already in use :::8080
Error: listen EADDRINUSE: address already in use :::8080
    at Server.setupListenHandle [as _listen2] (node:net:1872:16)
    at listenInCluster (node:net:1920:12)
    at Server.listen (node:net:2008:7)
    at Function.listen (/home/utkarsh/dev/akash-pay/services/core/node_modules/express/lib/application.js:635:24)
    at App.listen (/home/utkarsh/dev/akash-pay/services/core/src/app.ts:33:14)
    at Object.<anonymous> (/home/utkarsh/dev/akash-pay/services/core/src/server.ts:11:5)
    at Module._compile (node:internal/modules/cjs/loader:1376:14)
    at Module.m._compile (/home/utkarsh/dev/akash-pay/services/core/node_modules/ts-node/src/index.ts:1618:23)
    at Module._extensions..js (node:internal/modules/cjs/loader:1435:10)
    at Object.require.extensions.<computed> [as .ts] (/home/utkarsh/dev/akash-pay/services/core/node_modules/ts-node/src/index.ts:1621:12)
2024-05-16 20:04:46 error: uncaughtException: listen EADDRINUSE: address already in use :::8080
Error: listen EADDRINUSE: address already in use :::8080
    at Server.setupListenHandle [as _listen2] (node:net:1872:16)
    at listenInCluster (node:net:1920:12)
    at Server.listen (node:net:2008:7)
    at Function.listen (/home/utkarsh/dev/akash-pay/services/core/node_modules/express/lib/application.js:635:24)
    at App.listen (/home/utkarsh/dev/akash-pay/services/core/src/app.ts:33:14)
    at Object.<anonymous> (/home/utkarsh/dev/akash-pay/services/core/src/server.ts:11:5)
    at Module._compile (node:internal/modules/cjs/loader:1376:14)
    at Module.m._compile (/home/utkarsh/dev/akash-pay/services/core/node_modules/ts-node/src/index.ts:1618:23)
    at Module._extensions..js (node:internal/modules/cjs/loader:1435:10)
    at Object.require.extensions.<computed> [as .ts] (/home/utkarsh/dev/akash-pay/services/core/node_modules/ts-node/src/index.ts:1621:12)
2024-05-16 20:04:54 error: uncaughtException: listen EADDRINUSE: address already in use :::8080
Error: listen EADDRINUSE: address already in use :::8080
    at Server.setupListenHandle [as _listen2] (node:net:1872:16)
    at listenInCluster (node:net:1920:12)
    at Server.listen (node:net:2008:7)
    at Function.listen (/home/utkarsh/dev/akash-pay/services/core/node_modules/express/lib/application.js:635:24)
    at App.listen (/home/utkarsh/dev/akash-pay/services/core/src/app.ts:33:14)
    at Object.<anonymous> (/home/utkarsh/dev/akash-pay/services/core/src/server.ts:11:5)
    at Module._compile (node:internal/modules/cjs/loader:1376:14)
    at Module.m._compile (/home/utkarsh/dev/akash-pay/services/core/node_modules/ts-node/src/index.ts:1618:23)
    at Module._extensions..js (node:internal/modules/cjs/loader:1435:10)
    at Object.require.extensions.<computed> [as .ts] (/home/utkarsh/dev/akash-pay/services/core/node_modules/ts-node/src/index.ts:1621:12)
2024-05-16 20:05:18 error: uncaughtException: listen EADDRINUSE: address already in use :::8080
Error: listen EADDRINUSE: address already in use :::8080
    at Server.setupListenHandle [as _listen2] (node:net:1872:16)
    at listenInCluster (node:net:1920:12)
    at Server.listen (node:net:2008:7)
    at Function.listen (/home/utkarsh/dev/akash-pay/services/core/node_modules/express/lib/application.js:635:24)
    at App.listen (/home/utkarsh/dev/akash-pay/services/core/src/app.ts:33:14)
    at Object.<anonymous> (/home/utkarsh/dev/akash-pay/services/core/src/server.ts:11:5)
    at Module._compile (node:internal/modules/cjs/loader:1376:14)
    at Module.m._compile (/home/utkarsh/dev/akash-pay/services/core/node_modules/ts-node/src/index.ts:1618:23)
    at Module._extensions..js (node:internal/modules/cjs/loader:1435:10)
    at Object.require.extensions.<computed> [as .ts] (/home/utkarsh/dev/akash-pay/services/core/node_modules/ts-node/src/index.ts:1621:12)
2024-05-16 20:06:00 error: uncaughtException: listen EADDRINUSE: address already in use :::8080
Error: listen EADDRINUSE: address already in use :::8080
    at Server.setupListenHandle [as _listen2] (node:net:1872:16)
    at listenInCluster (node:net:1920:12)
    at Server.listen (node:net:2008:7)
    at Function.listen (/home/utkarsh/dev/akash-pay/services/core/node_modules/express/lib/application.js:635:24)
    at App.listen (/home/utkarsh/dev/akash-pay/services/core/src/app.ts:33:14)
    at Object.<anonymous> (/home/utkarsh/dev/akash-pay/services/core/src/server.ts:11:5)
    at Module._compile (node:internal/modules/cjs/loader:1376:14)
    at Module.m._compile (/home/utkarsh/dev/akash-pay/services/core/node_modules/ts-node/src/index.ts:1618:23)
    at Module._extensions..js (node:internal/modules/cjs/loader:1435:10)
    at Object.require.extensions.<computed> [as .ts] (/home/utkarsh/dev/akash-pay/services/core/node_modules/ts-node/src/index.ts:1621:12)
2024-05-16 20:06:28 error: uncaughtException: listen EADDRINUSE: address already in use :::8080
Error: listen EADDRINUSE: address already in use :::8080
    at Server.setupListenHandle [as _listen2] (node:net:1872:16)
    at listenInCluster (node:net:1920:12)
    at Server.listen (node:net:2008:7)
    at Function.listen (/home/utkarsh/dev/akash-pay/services/core/node_modules/express/lib/application.js:635:24)
    at App.listen (/home/utkarsh/dev/akash-pay/services/core/src/app.ts:33:14)
    at Object.<anonymous> (/home/utkarsh/dev/akash-pay/services/core/src/server.ts:11:5)
    at Module._compile (node:internal/modules/cjs/loader:1376:14)
    at Module.m._compile (/home/utkarsh/dev/akash-pay/services/core/node_modules/ts-node/src/index.ts:1618:23)
    at Module._extensions..js (node:internal/modules/cjs/loader:1435:10)
    at Object.require.extensions.<computed> [as .ts] (/home/utkarsh/dev/akash-pay/services/core/node_modules/ts-node/src/index.ts:1621:12)
2024-05-16 20:06:37 error: uncaughtException: listen EADDRINUSE: address already in use :::8080
Error: listen EADDRINUSE: address already in use :::8080
    at Server.setupListenHandle [as _listen2] (node:net:1872:16)
    at listenInCluster (node:net:1920:12)
    at Server.listen (node:net:2008:7)
    at Function.listen (/home/utkarsh/dev/akash-pay/services/core/node_modules/express/lib/application.js:635:24)
    at App.listen (/home/utkarsh/dev/akash-pay/services/core/src/app.ts:33:14)
    at Object.<anonymous> (/home/utkarsh/dev/akash-pay/services/core/src/server.ts:11:5)
    at Module._compile (node:internal/modules/cjs/loader:1376:14)
    at Module.m._compile (/home/utkarsh/dev/akash-pay/services/core/node_modules/ts-node/src/index.ts:1618:23)
    at Module._extensions..js (node:internal/modules/cjs/loader:1435:10)
    at Object.require.extensions.<computed> [as .ts] (/home/utkarsh/dev/akash-pay/services/core/node_modules/ts-node/src/index.ts:1621:12)
2024-05-16 20:07:20 error: uncaughtException: listen EADDRINUSE: address already in use :::8080
Error: listen EADDRINUSE: address already in use :::8080
    at Server.setupListenHandle [as _listen2] (node:net:1872:16)
    at listenInCluster (node:net:1920:12)
    at Server.listen (node:net:2008:7)
    at Function.listen (/home/utkarsh/dev/akash-pay/services/core/node_modules/express/lib/application.js:635:24)
    at App.listen (/home/utkarsh/dev/akash-pay/services/core/src/app.ts:33:14)
    at Object.<anonymous> (/home/utkarsh/dev/akash-pay/services/core/src/server.ts:11:5)
    at Module._compile (node:internal/modules/cjs/loader:1376:14)
    at Module.m._compile (/home/utkarsh/dev/akash-pay/services/core/node_modules/ts-node/src/index.ts:1618:23)
    at Module._extensions..js (node:internal/modules/cjs/loader:1435:10)
    at Object.require.extensions.<computed> [as .ts] (/home/utkarsh/dev/akash-pay/services/core/node_modules/ts-node/src/index.ts:1621:12)
2024-05-16 20:07:27 error: uncaughtException: listen EADDRINUSE: address already in use :::8080
Error: listen EADDRINUSE: address already in use :::8080
    at Server.setupListenHandle [as _listen2] (node:net:1872:16)
    at listenInCluster (node:net:1920:12)
    at Server.listen (node:net:2008:7)
    at Function.listen (/home/utkarsh/dev/akash-pay/services/core/node_modules/express/lib/application.js:635:24)
    at App.listen (/home/utkarsh/dev/akash-pay/services/core/src/app.ts:33:14)
    at Object.<anonymous> (/home/utkarsh/dev/akash-pay/services/core/src/server.ts:12:5)
    at Module._compile (node:internal/modules/cjs/loader:1376:14)
    at Module.m._compile (/home/utkarsh/dev/akash-pay/services/core/node_modules/ts-node/src/index.ts:1618:23)
    at Module._extensions..js (node:internal/modules/cjs/loader:1435:10)
    at Object.require.extensions.<computed> [as .ts] (/home/utkarsh/dev/akash-pay/services/core/node_modules/ts-node/src/index.ts:1621:12)
2024-05-16 20:07:34 error: uncaughtException: listen EADDRINUSE: address already in use :::8080
Error: listen EADDRINUSE: address already in use :::8080
    at Server.setupListenHandle [as _listen2] (node:net:1872:16)
    at listenInCluster (node:net:1920:12)
    at Server.listen (node:net:2008:7)
    at Function.listen (/home/utkarsh/dev/akash-pay/services/core/node_modules/express/lib/application.js:635:24)
    at App.listen (/home/utkarsh/dev/akash-pay/services/core/src/app.ts:33:14)
    at Object.<anonymous> (/home/utkarsh/dev/akash-pay/services/core/src/server.ts:12:5)
    at Module._compile (node:internal/modules/cjs/loader:1376:14)
    at Module.m._compile (/home/utkarsh/dev/akash-pay/services/core/node_modules/ts-node/src/index.ts:1618:23)
    at Module._extensions..js (node:internal/modules/cjs/loader:1435:10)
    at Object.require.extensions.<computed> [as .ts] (/home/utkarsh/dev/akash-pay/services/core/node_modules/ts-node/src/index.ts:1621:12)
2024-05-16 20:07:43 error: uncaughtException: listen EADDRINUSE: address already in use :::8080
Error: listen EADDRINUSE: address already in use :::8080
    at Server.setupListenHandle [as _listen2] (node:net:1872:16)
    at listenInCluster (node:net:1920:12)
    at Server.listen (node:net:2008:7)
    at Function.listen (/home/utkarsh/dev/akash-pay/services/core/node_modules/express/lib/application.js:635:24)
    at App.listen (/home/utkarsh/dev/akash-pay/services/core/src/app.ts:33:14)
    at Object.<anonymous> (/home/utkarsh/dev/akash-pay/services/core/src/server.ts:12:5)
    at Module._compile (node:internal/modules/cjs/loader:1376:14)
    at Module.m._compile (/home/utkarsh/dev/akash-pay/services/core/node_modules/ts-node/src/index.ts:1618:23)
    at Module._extensions..js (node:internal/modules/cjs/loader:1435:10)
    at Object.require.extensions.<computed> [as .ts] (/home/utkarsh/dev/akash-pay/services/core/node_modules/ts-node/src/index.ts:1621:12)
2024-05-16 20:07:49 error: uncaughtException: listen EADDRINUSE: address already in use :::8080
Error: listen EADDRINUSE: address already in use :::8080
    at Server.setupListenHandle [as _listen2] (node:net:1872:16)
    at listenInCluster (node:net:1920:12)
    at Server.listen (node:net:2008:7)
    at Function.listen (/home/utkarsh/dev/akash-pay/services/core/node_modules/express/lib/application.js:635:24)
    at App.listen (/home/utkarsh/dev/akash-pay/services/core/src/app.ts:33:14)
    at Object.<anonymous> (/home/utkarsh/dev/akash-pay/services/core/src/server.ts:12:5)
    at Module._compile (node:internal/modules/cjs/loader:1376:14)
    at Module.m._compile (/home/utkarsh/dev/akash-pay/services/core/node_modules/ts-node/src/index.ts:1618:23)
    at Module._extensions..js (node:internal/modules/cjs/loader:1435:10)
    at Object.require.extensions.<computed> [as .ts] (/home/utkarsh/dev/akash-pay/services/core/node_modules/ts-node/src/index.ts:1621:12)
2024-05-16 20:08:20 error: uncaughtException: listen EADDRINUSE: address already in use :::8080
Error: listen EADDRINUSE: address already in use :::8080
    at Server.setupListenHandle [as _listen2] (node:net:1872:16)
    at listenInCluster (node:net:1920:12)
    at Server.listen (node:net:2008:7)
    at Function.listen (/home/utkarsh/dev/akash-pay/services/core/node_modules/express/lib/application.js:635:24)
    at App.listen (/home/utkarsh/dev/akash-pay/services/core/src/app.ts:33:14)
    at Object.<anonymous> (/home/utkarsh/dev/akash-pay/services/core/src/server.ts:12:5)
    at Module._compile (node:internal/modules/cjs/loader:1376:14)
    at Module.m._compile (/home/utkarsh/dev/akash-pay/services/core/node_modules/ts-node/src/index.ts:1618:23)
    at Module._extensions..js (node:internal/modules/cjs/loader:1435:10)
    at Object.require.extensions.<computed> [as .ts] (/home/utkarsh/dev/akash-pay/services/core/node_modules/ts-node/src/index.ts:1621:12)
2024-05-16 20:08:29 error: uncaughtException: listen EADDRINUSE: address already in use :::8080
Error: listen EADDRINUSE: address already in use :::8080
    at Server.setupListenHandle [as _listen2] (node:net:1872:16)
    at listenInCluster (node:net:1920:12)
    at Server.listen (node:net:2008:7)
    at Function.listen (/home/utkarsh/dev/akash-pay/services/core/node_modules/express/lib/application.js:635:24)
    at App.listen (/home/utkarsh/dev/akash-pay/services/core/src/app.ts:33:14)
    at Object.<anonymous> (/home/utkarsh/dev/akash-pay/services/core/src/server.ts:12:5)
    at Module._compile (node:internal/modules/cjs/loader:1376:14)
    at Module.m._compile (/home/utkarsh/dev/akash-pay/services/core/node_modules/ts-node/src/index.ts:1618:23)
    at Module._extensions..js (node:internal/modules/cjs/loader:1435:10)
    at Object.require.extensions.<computed> [as .ts] (/home/utkarsh/dev/akash-pay/services/core/node_modules/ts-node/src/index.ts:1621:12)
2024-05-16 20:10:09 error: uncaughtException: listen EADDRINUSE: address already in use :::8080
Error: listen EADDRINUSE: address already in use :::8080
    at Server.setupListenHandle [as _listen2] (node:net:1872:16)
    at listenInCluster (node:net:1920:12)
    at Server.listen (node:net:2008:7)
    at Function.listen (/home/utkarsh/dev/akash-pay/services/core/node_modules/express/lib/application.js:635:24)
    at App.listen (/home/utkarsh/dev/akash-pay/services/core/src/app.ts:33:14)
    at Object.<anonymous> (/home/utkarsh/dev/akash-pay/services/core/src/server.ts:12:5)
    at Module._compile (node:internal/modules/cjs/loader:1376:14)
    at Module.m._compile (/home/utkarsh/dev/akash-pay/services/core/node_modules/ts-node/src/index.ts:1618:23)
    at Module._extensions..js (node:internal/modules/cjs/loader:1435:10)
    at Object.require.extensions.<computed> [as .ts] (/home/utkarsh/dev/akash-pay/services/core/node_modules/ts-node/src/index.ts:1621:12)
2024-05-16 20:10:12 error: uncaughtException: listen EADDRINUSE: address already in use :::8080
Error: listen EADDRINUSE: address already in use :::8080
    at Server.setupListenHandle [as _listen2] (node:net:1872:16)
    at listenInCluster (node:net:1920:12)
    at Server.listen (node:net:2008:7)
    at Function.listen (/home/utkarsh/dev/akash-pay/services/core/node_modules/express/lib/application.js:635:24)
    at App.listen (/home/utkarsh/dev/akash-pay/services/core/src/app.ts:33:14)
    at Object.<anonymous> (/home/utkarsh/dev/akash-pay/services/core/src/server.ts:12:5)
    at Module._compile (node:internal/modules/cjs/loader:1376:14)
    at Module.m._compile (/home/utkarsh/dev/akash-pay/services/core/node_modules/ts-node/src/index.ts:1618:23)
    at Module._extensions..js (node:internal/modules/cjs/loader:1435:10)
    at Object.require.extensions.<computed> [as .ts] (/home/utkarsh/dev/akash-pay/services/core/node_modules/ts-node/src/index.ts:1621:12)
